2019-12-05 11:55:28.8662|INFO|ProjectManager.Utils.LoggingUtility|Operation Result Format: JSON
Request ID: 8000003f-0002-ff00-b63f-84710c7967bb
Method: GET
URL: http://localhost:50830/api/user
Controller : ProjectManager.Controllers.UserController
Action : GetUser
Action Parameters : System.Web.Http.Tracing.ITraceWriterExtensions+<>c__DisplayClass14_0

2019-12-05 11:55:28.9028|INFO|ProjectManager.Utils.LoggingUtility|Operation Result Format: JSON
Request ID: 8000003f-0002-ff00-b63f-84710c7967bb
Method: GET
URL: http://localhost:50830/api/user
Controller : ProjectManager.Controllers.UserController
Action : GetUser
Action Parameters : System.Web.Http.Tracing.ITraceWriterExtensions+<>c__DisplayClass14_0

2019-12-05 11:55:49.4052|INFO|ProjectManager.Utils.LoggingUtility|Request ID: 8000003f-0002-ff00-b63f-84710c7967bb
Method: GET
URL: http://localhost:50830/api/user
Controller : ProjectManager.Controllers.UserController
Action : GetUser
Action Parameters : System.Web.Http.Tracing.ITraceWriterExtensions+<>c__DisplayClass12_0
Error: Cannot open database "ProjectManager" requested by the login. The login failed.
Login failed for user 'DOTNET\Admin'.


2019-12-05 11:56:50.4584|INFO|ProjectManager.Utils.LoggingUtility|Operation Result Format: JSON
Request ID: 80000040-0002-ff00-b63f-84710c7967bb
Method: GET
URL: http://localhost:50830/api/user
Controller : ProjectManager.Controllers.UserController
Action : GetUser
Action Parameters : System.Web.Http.Tracing.ITraceWriterExtensions+<>c__DisplayClass14_0

2019-12-05 11:56:50.4584|INFO|ProjectManager.Utils.LoggingUtility|Operation Result Format: JSON
Request ID: 80000040-0002-ff00-b63f-84710c7967bb
Method: GET
URL: http://localhost:50830/api/user
Controller : ProjectManager.Controllers.UserController
Action : GetUser
Action Parameters : System.Web.Http.Tracing.ITraceWriterExtensions+<>c__DisplayClass14_0

2019-12-05 11:57:05.3215|INFO|ProjectManager.Utils.LoggingUtility|Request ID: 80000040-0002-ff00-b63f-84710c7967bb
Method: GET
URL: http://localhost:50830/api/user
Controller : ProjectManager.Controllers.UserController
Action : GetUser
Action Parameters : System.Web.Http.Tracing.ITraceWriterExtensions+<>c__DisplayClass12_0
Error: Cannot open database "ProjectManager" requested by the login. The login failed.
Login failed for user 'DOTNET\Admin'.


