2019-12-04 15:53:13.6467|INFO|ProjectManager.Utils.LoggingUtility|Operation Result Format: JSON
Request ID: 8000002a-0000-fd00-b63f-84710c7967bb
Method: GET
URL: http://localhost:50830/api/user
Controller : ProjectManager.Controllers.UserController
Action : GetUser
Action Parameters : System.Web.Http.Tracing.ITraceWriterExtensions+<>c__DisplayClass14_0

2019-12-04 15:53:13.6517|INFO|ProjectManager.Utils.LoggingUtility|Operation Result Format: JSON
Request ID: 8000002a-0000-fd00-b63f-84710c7967bb
Method: GET
URL: http://localhost:50830/api/user
Controller : ProjectManager.Controllers.UserController
Action : GetUser
Action Parameters : System.Web.Http.Tracing.ITraceWriterExtensions+<>c__DisplayClass14_0

2019-12-04 15:53:13.6467|INFO|ProjectManager.Utils.LoggingUtility|Operation Result Format: JSON
Request ID: 80000004-0000-fc00-b63f-84710c7967bb
Method: GET
URL: http://localhost:50830/api/project
Controller : ProjectManager.Controllers.ProjectController
Action : RetrieveProjects
Action Parameters : System.Web.Http.Tracing.ITraceWriterExtensions+<>c__DisplayClass14_0

2019-12-04 15:53:13.6517|INFO|ProjectManager.Utils.LoggingUtility|Operation Result Format: JSON
Request ID: 80000004-0000-fc00-b63f-84710c7967bb
Method: GET
URL: http://localhost:50830/api/project
Controller : ProjectManager.Controllers.ProjectController
Action : RetrieveProjects
Action Parameters : System.Web.Http.Tracing.ITraceWriterExtensions+<>c__DisplayClass14_0

2019-12-04 15:59:59.7310|INFO|ProjectManager.Utils.LoggingUtility|Request ID: 80000004-0000-fc00-b63f-84710c7967bb
Method: GET
URL: http://localhost:50830/api/project
Controller : ProjectManager.Controllers.ProjectController
Action : RetrieveProjects
Action Parameters : System.Web.Http.Tracing.ITraceWriterExtensions+<>c__DisplayClass12_0
Error: Cannot open database "ProjectManager" requested by the login. The login failed.
Login failed for user 'DOTNET\Admin'.


2019-12-04 15:59:59.7310|INFO|ProjectManager.Utils.LoggingUtility|Request ID: 8000002a-0000-fd00-b63f-84710c7967bb
Method: GET
URL: http://localhost:50830/api/user
Controller : ProjectManager.Controllers.UserController
Action : GetUser
Action Parameters : System.Web.Http.Tracing.ITraceWriterExtensions+<>c__DisplayClass12_0
Error: Cannot open database "ProjectManager" requested by the login. The login failed.
Login failed for user 'DOTNET\Admin'.


2019-12-04 16:00:58.5613|INFO|ProjectManager.Utils.LoggingUtility|Operation Result Format: JSON
Request ID: 8000002b-0000-fd00-b63f-84710c7967bb
Method: GET
URL: http://localhost:50830/api/user
Controller : ProjectManager.Controllers.UserController
Action : GetUser
Action Parameters : System.Web.Http.Tracing.ITraceWriterExtensions+<>c__DisplayClass14_0

2019-12-04 16:00:58.5613|INFO|ProjectManager.Utils.LoggingUtility|Operation Result Format: JSON
Request ID: 8000002b-0000-fd00-b63f-84710c7967bb
Method: GET
URL: http://localhost:50830/api/user
Controller : ProjectManager.Controllers.UserController
Action : GetUser
Action Parameters : System.Web.Http.Tracing.ITraceWriterExtensions+<>c__DisplayClass14_0

2019-12-04 16:00:58.5613|INFO|ProjectManager.Utils.LoggingUtility|Operation Result Format: JSON
Request ID: 80000005-0000-fc00-b63f-84710c7967bb
Method: GET
URL: http://localhost:50830/api/project
Controller : ProjectManager.Controllers.ProjectController
Action : RetrieveProjects
Action Parameters : System.Web.Http.Tracing.ITraceWriterExtensions+<>c__DisplayClass14_0

2019-12-04 16:00:58.5613|INFO|ProjectManager.Utils.LoggingUtility|Operation Result Format: JSON
Request ID: 80000005-0000-fc00-b63f-84710c7967bb
Method: GET
URL: http://localhost:50830/api/project
Controller : ProjectManager.Controllers.ProjectController
Action : RetrieveProjects
Action Parameters : System.Web.Http.Tracing.ITraceWriterExtensions+<>c__DisplayClass14_0

2019-12-04 16:01:13.3395|INFO|ProjectManager.Utils.LoggingUtility|Request ID: 8000002b-0000-fd00-b63f-84710c7967bb
Method: GET
URL: http://localhost:50830/api/user
Controller : ProjectManager.Controllers.UserController
Action : GetUser
Action Parameters : System.Web.Http.Tracing.ITraceWriterExtensions+<>c__DisplayClass12_0
Error: Cannot open database "ProjectManager" requested by the login. The login failed.
Login failed for user 'DOTNET\Admin'.


2019-12-04 16:01:13.3395|INFO|ProjectManager.Utils.LoggingUtility|Request ID: 80000005-0000-fc00-b63f-84710c7967bb
Method: GET
URL: http://localhost:50830/api/project
Controller : ProjectManager.Controllers.ProjectController
Action : RetrieveProjects
Action Parameters : System.Web.Http.Tracing.ITraceWriterExtensions+<>c__DisplayClass12_0
Error: Cannot open database "ProjectManager" requested by the login. The login failed.
Login failed for user 'DOTNET\Admin'.


2019-12-04 16:01:27.5591|INFO|ProjectManager.Utils.LoggingUtility|Operation Result Format: JSON
Request ID: 80000006-0000-fc00-b63f-84710c7967bb
Method: GET
URL: http://localhost:50830/api/project
Controller : ProjectManager.Controllers.ProjectController
Action : RetrieveProjects
Action Parameters : System.Web.Http.Tracing.ITraceWriterExtensions+<>c__DisplayClass14_0

2019-12-04 16:01:27.5591|INFO|ProjectManager.Utils.LoggingUtility|Operation Result Format: JSON
Request ID: 80000006-0000-fc00-b63f-84710c7967bb
Method: GET
URL: http://localhost:50830/api/project
Controller : ProjectManager.Controllers.ProjectController
Action : RetrieveProjects
Action Parameters : System.Web.Http.Tracing.ITraceWriterExtensions+<>c__DisplayClass14_0

2019-12-04 16:01:39.4669|INFO|ProjectManager.Utils.LoggingUtility|Request ID: 80000006-0000-fc00-b63f-84710c7967bb
Method: GET
URL: http://localhost:50830/api/project
Controller : ProjectManager.Controllers.ProjectController
Action : RetrieveProjects
Action Parameters : System.Web.Http.Tracing.ITraceWriterExtensions+<>c__DisplayClass12_0
Error: Cannot open database "ProjectManager" requested by the login. The login failed.
Login failed for user 'DOTNET\Admin'.


2019-12-04 16:20:35.6951|INFO|ProjectManager.Utils.LoggingUtility|Operation Result Format: JSON
Request ID: 80000011-0003-fa00-b63f-84710c7967bb
Method: GET
URL: http://localhost:50830/api/user
Controller : ProjectManager.Controllers.UserController
Action : GetUser
Action Parameters : System.Web.Http.Tracing.ITraceWriterExtensions+<>c__DisplayClass14_0

2019-12-04 16:20:35.7001|INFO|ProjectManager.Utils.LoggingUtility|Operation Result Format: JSON
Request ID: 80000011-0003-fa00-b63f-84710c7967bb
Method: GET
URL: http://localhost:50830/api/user
Controller : ProjectManager.Controllers.UserController
Action : GetUser
Action Parameters : System.Web.Http.Tracing.ITraceWriterExtensions+<>c__DisplayClass14_0

2019-12-04 16:20:35.6951|INFO|ProjectManager.Utils.LoggingUtility|Operation Result Format: JSON
Request ID: 80000015-0003-fb00-b63f-84710c7967bb
Method: GET
URL: http://localhost:50830/api/project
Controller : ProjectManager.Controllers.ProjectController
Action : RetrieveProjects
Action Parameters : System.Web.Http.Tracing.ITraceWriterExtensions+<>c__DisplayClass14_0

2019-12-04 16:20:35.7001|INFO|ProjectManager.Utils.LoggingUtility|Operation Result Format: JSON
Request ID: 80000015-0003-fb00-b63f-84710c7967bb
Method: GET
URL: http://localhost:50830/api/project
Controller : ProjectManager.Controllers.ProjectController
Action : RetrieveProjects
Action Parameters : System.Web.Http.Tracing.ITraceWriterExtensions+<>c__DisplayClass14_0

2019-12-04 16:20:49.7836|INFO|ProjectManager.Utils.LoggingUtility|Request ID: 80000015-0003-fb00-b63f-84710c7967bb
Method: GET
URL: http://localhost:50830/api/project
Controller : ProjectManager.Controllers.ProjectController
Action : RetrieveProjects
Action Parameters : System.Web.Http.Tracing.ITraceWriterExtensions+<>c__DisplayClass12_0
Error: Cannot open database "ProjectManager" requested by the login. The login failed.
Login failed for user 'DOTNET\Admin'.


2019-12-04 16:20:49.7836|INFO|ProjectManager.Utils.LoggingUtility|Request ID: 80000011-0003-fa00-b63f-84710c7967bb
Method: GET
URL: http://localhost:50830/api/user
Controller : ProjectManager.Controllers.UserController
Action : GetUser
Action Parameters : System.Web.Http.Tracing.ITraceWriterExtensions+<>c__DisplayClass12_0
Error: Cannot open database "ProjectManager" requested by the login. The login failed.
Login failed for user 'DOTNET\Admin'.


