2019-12-03 14:03:56.9111|INFO|ProjectManager.Utils.LoggingUtility|Operation Result Format: JSON
Request ID: 80000022-0000-fd00-b63f-84710c7967bb
Method: GET
URL: http://localhost:50830/api/user
Controller : ProjectManager.Controllers.UserController
Action : GetUser
Action Parameters : System.Web.Http.Tracing.ITraceWriterExtensions+<>c__DisplayClass14_0

2019-12-03 14:03:56.9111|INFO|ProjectManager.Utils.LoggingUtility|Operation Result Format: JSON
Request ID: 80000022-0000-fd00-b63f-84710c7967bb
Method: GET
URL: http://localhost:50830/api/user
Controller : ProjectManager.Controllers.UserController
Action : GetUser
Action Parameters : System.Web.Http.Tracing.ITraceWriterExtensions+<>c__DisplayClass14_0

2019-12-03 14:04:09.0423|INFO|ProjectManager.Utils.LoggingUtility|Request ID: 80000022-0000-fd00-b63f-84710c7967bb
Method: GET
URL: http://localhost:50830/api/user
Controller : ProjectManager.Controllers.UserController
Action : GetUser
Action Parameters : System.Web.Http.Tracing.ITraceWriterExtensions+<>c__DisplayClass12_0
Error: Cannot open database "ProjectManager" requested by the login. The login failed.
Login failed for user 'DOTNET\Admin'.


2019-12-03 16:18:44.4683|INFO|ProjectManager.Utils.LoggingUtility|Operation Result Format: JSON
Request ID: 80000019-0001-f800-b63f-84710c7967bb
Method: GET
URL: http://localhost:50830/api/project
Controller : ProjectManager.Controllers.ProjectController
Action : RetrieveProjects
Action Parameters : System.Web.Http.Tracing.ITraceWriterExtensions+<>c__DisplayClass14_0

2019-12-03 16:18:44.4683|INFO|ProjectManager.Utils.LoggingUtility|Operation Result Format: JSON
Request ID: 80000019-0001-f800-b63f-84710c7967bb
Method: GET
URL: http://localhost:50830/api/project
Controller : ProjectManager.Controllers.ProjectController
Action : RetrieveProjects
Action Parameters : System.Web.Http.Tracing.ITraceWriterExtensions+<>c__DisplayClass14_0

2019-12-03 16:18:44.4683|INFO|ProjectManager.Utils.LoggingUtility|Operation Result Format: JSON
Request ID: 8000000b-0003-fa00-b63f-84710c7967bb
Method: GET
URL: http://localhost:50830/api/user
Controller : ProjectManager.Controllers.UserController
Action : GetUser
Action Parameters : System.Web.Http.Tracing.ITraceWriterExtensions+<>c__DisplayClass14_0

2019-12-03 16:18:44.4833|INFO|ProjectManager.Utils.LoggingUtility|Operation Result Format: JSON
Request ID: 8000000b-0003-fa00-b63f-84710c7967bb
Method: GET
URL: http://localhost:50830/api/user
Controller : ProjectManager.Controllers.UserController
Action : GetUser
Action Parameters : System.Web.Http.Tracing.ITraceWriterExtensions+<>c__DisplayClass14_0

2019-12-03 16:19:06.4749|INFO|ProjectManager.Utils.LoggingUtility|Request ID: 8000000b-0003-fa00-b63f-84710c7967bb
Method: GET
URL: http://localhost:50830/api/user
Controller : ProjectManager.Controllers.UserController
Action : GetUser
Action Parameters : System.Web.Http.Tracing.ITraceWriterExtensions+<>c__DisplayClass12_0
Error: Cannot open database "ProjectManager" requested by the login. The login failed.
Login failed for user 'DOTNET\Admin'.


2019-12-03 16:19:06.4749|INFO|ProjectManager.Utils.LoggingUtility|Request ID: 80000019-0001-f800-b63f-84710c7967bb
Method: GET
URL: http://localhost:50830/api/project
Controller : ProjectManager.Controllers.ProjectController
Action : RetrieveProjects
Action Parameters : System.Web.Http.Tracing.ITraceWriterExtensions+<>c__DisplayClass12_0
Error: Cannot open database "ProjectManager" requested by the login. The login failed.
Login failed for user 'DOTNET\Admin'.


